<?xml version="1.0" encoding="UTF-8"?>
<!-- Generated by org.testng.reporters.JUnitXMLReporter -->
<testsuite ignored="0" hostname="Shiva" failures="0" tests="4" name="Surefire test" time="20.584" errors="0" timestamp="2023-10-10T14:10:41 IST">
  <testcase classname="Test.LoginTest" name="login" time="1.315"/>
  <testcase classname="Test.LoginTest" name="login" time="11.062"/>
  <testcase classname="Test.OneTest" name="TestOne" time="0.0"/>
  <testcase classname="Test.TwoTest" name="TestTwo" time="0.001"/>
</testsuite> <!-- Surefire test -->
