<?xml version="1.0" encoding="UTF-8"?>
<!-- Generated by org.testng.reporters.JUnitXMLReporter -->
<testsuite ignored="0" hostname="Shiva" failures="0" tests="4" name="Test" time="19.806" errors="0" timestamp="2023-10-10T15:26:32 IST">
  <testcase classname="Test.TwoTest" name="TestTwo" time="0.009"/>
  <testcase classname="Test.OneTest" name="TestOne" time="0.002"/>
  <testcase classname="Test.LoginTest" name="login" time="1.188"/>
  <testcase classname="Test.LoginTest" name="login" time="10.979"/>
</testsuite> <!-- Test -->
