<?xml version="1.0" encoding="UTF-8"?>
<testng-results ignored="0" total="4" passed="4" failed="0" skipped="0">
  <reporter-output>
  </reporter-output>
  <suite started-at="2023-10-10T14:10:21 IST" name="Surefire suite" finished-at="2023-10-10T14:10:41 IST" duration-ms="20584">
    <groups>
    </groups>
    <test started-at="2023-10-10T14:10:21 IST" name="Surefire test" finished-at="2023-10-10T14:10:41 IST" duration-ms="20584">
      <class name="Test.TwoTest">
        <test-method signature="TestTwo()[pri:0, instance:Test.TwoTest@56528192]" started-at="2023-10-10T14:10:41 IST" name="TestTwo" finished-at="2023-10-10T14:10:41 IST" duration-ms="1" status="PASS">
          <reporter-output>
          </reporter-output>
        </test-method> <!-- TestTwo -->
      </class> <!-- Test.TwoTest -->
      <class name="Test.OneTest">
        <test-method signature="TestOne()[pri:0, instance:Test.OneTest@49c386c8]" started-at="2023-10-10T14:10:41 IST" name="TestOne" finished-at="2023-10-10T14:10:41 IST" duration-ms="0" status="PASS">
          <reporter-output>
          </reporter-output>
        </test-method> <!-- TestOne -->
      </class> <!-- Test.OneTest -->
      <class name="Test.LoginTest">
        <test-method is-config="true" signature="openApplication()[pri:0, instance:Test.LoginTest@2f177a4b]" started-at="2023-10-10T14:10:21 IST" name="openApplication" finished-at="2023-10-10T14:10:26 IST" duration-ms="4768" status="PASS">
          <reporter-output>
          </reporter-output>
        </test-method> <!-- openApplication -->
        <test-method signature="login(java.lang.String,java.lang.String,java.lang.String)[pri:0, instance:Test.LoginTest@2f177a4b]" started-at="2023-10-10T14:10:26 IST" name="login" data-provider="getLoginData" finished-at="2023-10-10T14:10:27 IST" duration-ms="1315" status="PASS">
          <params>
            <param index="0">
              <value>
                <![CDATA[arun.selenium@gmail.com]]>
              </value>
            </param>
            <param index="1">
              <value>
                <![CDATA[Second@123]]>
              </value>
            </param>
            <param index="2">
              <value>
                <![CDATA[Success]]>
              </value>
            </param>
          </params>
          <reporter-output>
          </reporter-output>
        </test-method> <!-- login -->
        <test-method is-config="true" signature="closure()[pri:0, instance:Test.LoginTest@2f177a4b]" started-at="2023-10-10T14:10:27 IST" name="closure" finished-at="2023-10-10T14:10:27 IST" duration-ms="139" status="PASS">
          <reporter-output>
          </reporter-output>
        </test-method> <!-- closure -->
        <test-method is-config="true" signature="openApplication()[pri:0, instance:Test.LoginTest@2f177a4b]" started-at="2023-10-10T14:10:27 IST" name="openApplication" finished-at="2023-10-10T14:10:30 IST" duration-ms="3142" status="PASS">
          <reporter-output>
          </reporter-output>
        </test-method> <!-- openApplication -->
        <test-method signature="login(java.lang.String,java.lang.String,java.lang.String)[pri:0, instance:Test.LoginTest@2f177a4b]" started-at="2023-10-10T14:10:30 IST" name="login" data-provider="getLoginData" finished-at="2023-10-10T14:10:41 IST" duration-ms="11062" status="PASS">
          <params>
            <param index="0">
              <value>
                <![CDATA[dummy@test.com]]>
              </value>
            </param>
            <param index="1">
              <value>
                <![CDATA[1234]]>
              </value>
            </param>
            <param index="2">
              <value>
                <![CDATA[Failure]]>
              </value>
            </param>
          </params>
          <reporter-output>
          </reporter-output>
        </test-method> <!-- login -->
        <test-method is-config="true" signature="closure()[pri:0, instance:Test.LoginTest@2f177a4b]" started-at="2023-10-10T14:10:41 IST" name="closure" finished-at="2023-10-10T14:10:41 IST" duration-ms="101" status="PASS">
          <reporter-output>
          </reporter-output>
        </test-method> <!-- closure -->
      </class> <!-- Test.LoginTest -->
    </test> <!-- Surefire test -->
  </suite> <!-- Surefire suite -->
</testng-results>
